I0309 12:43:59.999243 17017 caffe.cpp:217] Using GPUs 0, 1, 2, 3
I0309 12:44:00.036983 17017 caffe.cpp:222] GPU 0: GeForce GTX 1080
I0309 12:44:00.037600 17017 caffe.cpp:222] GPU 1: GeForce GTX 1080
I0309 12:44:00.037611 17017 caffe.cpp:222] GPU 2: GeForce GTX 1080
I0309 12:44:00.037613 17017 caffe.cpp:222] GPU 3: GeForce GTX 1080
E0309 12:44:00.157347 17017 common.cpp:113] Cannot create Cublas handle. Cublas won't be available.
I0309 12:44:00.164016 17017 solver.cpp:63] Initializing solver from parameters: 
train_net: "models/VGGNet/VOC0712/refinedet_vgg16_320x320/train.prototxt"
base_lr: 0.001
display: 10
max_iter: 120000
lr_policy: "multistep"
gamma: 0.1
momentum: 0.9
weight_decay: 0.0005
snapshot: 5000
snapshot_prefix: "models/VGGNet/VOC0712/refinedet_vgg16_320x320/VOC0712_refinedet_vgg16_320x320"
solver_mode: GPU
device_id: 0
debug_info: false
train_state {
  level: 0
  stage: ""
}
snapshot_after_train: true
average_loss: 10
stepvalue: 80000
stepvalue: 100000
stepvalue: 120000
iter_size: 1
type: "SGD"
I0309 12:44:00.164130 17017 solver.cpp:96] Creating training net from train_net file: models/VGGNet/VOC0712/refinedet_vgg16_320x320/train.prototxt
I0309 12:44:00.165786 17017 net.cpp:58] Initializing net from parameters: 
name: "VOC0712_refinedet_vgg16_320x320_train"
state {
  phase: TRAIN
  level: 0
  stage: ""
}
layer {
  name: "data"
  type: "AnnotatedData"
  top: "data"
  top: "label"
  include {
    phase: TRAIN
  }
  transform_param {
    mirror: true
    mean_value: 104
    mean_value: 117
    mean_value: 123
    resize_param {
      prob: 1
      resize_mode: WARP
      height: 320
      width: 320
      interp_mode: LINEAR
      interp_mode: AREA
      interp_mode: NEAREST
      interp_mode: CUBIC
      interp_mode: LANCZOS4
    }
    emit_constraint {
      emit_type: CENTER
    }
    distort_param {
      brightness_prob: 0.5
      brightness_delta: 32
      contrast_prob: 0.5
      contrast_lower: 0.5
      contrast_upper: 1.5
      hue_prob: 0.5
      hue_delta: 18
      saturation_prob: 0.5
      saturation_lower: 0.5
      saturation_upper: 1.5
      random_order_prob: 0
    }
    expand_param {
      prob: 0.5
      max_expand_ratio: 4
    }
  }
  data_param {
    source: "examples/VOC0712/VOC0712_trainval_lmdb"
    batch_size: 8
    backend: LMDB
  }
  annotated_data_param {
    batch_sampler {
      max_sample: 1
      max_trials: 1
    }
    batch_sampler {
      sampler {
        min_scale: 0.3
        max_scale: 1
        min_aspect_ratio: 0.5
        max_aspect_ratio: 2
      }
      sample_constraint {
        min_jaccard_overlap: 0.1
      }
      max_sample: 1
      max_trials: 50
    }
    batch_sampler {
      sampler {
        min_scale: 0.3
        max_scale: 1
        min_aspect_ratio: 0.5
        max_aspect_ratio: 2
      }
      sample_constraint {
        min_jaccard_overlap: 0.3
      }
      max_sample: 1
      max_trials: 50
    }
    batch_sampler {
      sampler {
        min_scale: 0.3
        max_scale: 1
        min_aspect_ratio: 0.5
        max_aspect_ratio: 2
      }
      sample_constraint {
        min_jaccard_overlap: 0.5
      }
      max_sample: 1
      max_trials: 50
    }
    batch_sampler {
      sampler {
        min_scale: 0.3
        max_scale: 1
        min_aspect_ratio: 0.5
        max_aspect_ratio: 2
      }
      sample_constraint {
        min_jaccard_overlap: 0.7
      }
      max_sample: 1
      max_trials: 50
    }
    batch_sampler {
      sampler {
        min_scale: 0.3
        max_scale: 1
        min_aspect_ratio: 0.5
        max_aspect_ratio: 2
      }
      sample_constraint {
        min_jaccard_overlap: 0.9
      }
      max_sample: 1
      max_trials: 50
    }
    batch_sampler {
      sampler {
        min_scale: 0.3
        max_scale: 1
        min_aspect_ratio: 0.5
        max_aspect_ratio: 2
      }
      sample_constraint {
        max_jaccard_overlap: 1
      }
      max_sample: 1
      max_trials: 50
    }
    label_map_file: "data/VOC0712/labelmap_voc.prototxt"
  }
}
layer {
  name: "conv1_1"
  type: "Convolution"
  bottom: "data"
  top: "conv1_1"
  param {
    lr_mult: 1
    decay_mult: 1
  }
  param {
    lr_mult: 2
    decay_mult: 0
  }
  convolution_param {
    num_output: 64
    pad: 1
    kernel_size: 3
    weight_filler {
      type: "xavier"
    }
    bias_filler {
      type: "constant"
      value: 0
    }
  }
}
layer {
  name: "relu1_1"
  type: "ReLU"
  bottom: "conv1_1"
  top: "conv1_1"
}
layer {
  name: "conv1_2"
  type: "Convolution"
  bottom: "conv1_1"
  top: "conv1_2"
  param {
    lr_mult: 1
    decay_mult: 1
  }
  param {
    lr_mult: 2
    decay_mult: 0
  }
  convolution_param {
    num_output: 64
    pad: 1
    kernel_size: 3
    weight_filler {
      type: "xavier"
    }
    bias_filler {
      type: "constant"
      value: 0
    }
  }
}
layer {
  name: "relu1_2"
  type: "ReLU"
  bottom: "conv1_2"
  top: "conv1_2"
}
layer {
  name: "pool1"
  type: "Pooling"
  bottom: "conv1_2"
  top: "pool1"
  pooling_param {
    pool: MAX
    kernel_size: 2
    stride: 2
  }
}
layer {
  name: "conv2_1"
  type: "Convolution"
  bottom: "pool1"
  top: "conv2_1"
  param {
    lr_mult: 1
    decay_mult: 1
  }
  param {
    lr_mult: 2
    decay_mult: 0
  }
  convolution_param {
    num_output: 128
    pad: 1
    kernel_size: 3
    weight_filler {
      type: "xavier"
    }
    bias_filler {
      type: "constant"
      value: 0
    }
  }
}
layer {
  name: "relu2_1"
  type: "ReLU"
  bottom: "conv2_1"
  top: "conv2_1"
}
layer {
  name: "conv2_2"
  type: "Convolution"
  bottom: "conv2_1"
  top: "conv2_2"
  param {
    lr_mult: 1
    decay_mult: 1
  }
  param {
    lr_mult: 2
    decay_mult: 0
  }
  convolution_param {
    num_output: 128
    pad: 1
    kernel_size: 3
    weight_filler {
      type: "xavier"
    }
    bias_filler {
      type: "constant"
      value: 0
    }
  }
}
layer {
  name: "relu2_2"
  type: "ReLU"
  bottom: "conv2_2"
  top: "conv2_2"
}
layer {
  name: "pool2"
  type: "Pooling"
  bottom: "conv2_2"
  top: "pool2"
  pooling_param {
    pool: MAX
    kernel_size: 2
    stride: 2
  }
}
layer {
  name: "conv3_1"
  type: "Convolution"
  bottom: "pool2"
  top: "conv3_1"
  param {
    lr_mult: 1
    decay_mult: 1
  }
  param {
    lr_mult: 2
    decay_mult: 0
  }
  convolution_param {
    num_output: 256
    pad: 1
    kernel_size: 3
    weight_filler {
      type: "xavier"
    }
    bias_filler {
      type: "constant"
      value: 0
    }
  }
}
layer {
  name: "relu3_1"
  type: "ReLU"
  bottom: "conv3_1"
  top: "conv3_1"
}
layer {
  name: "conv3_2"
  type: "Convolution"
  bottom: "conv3_1"
  top: "conv3_2"
  param {
    lr_mult: 1
    decay_mult: 1
  }
  param {
    lr_mult: 2
    decay_mult: 0
  }
  convolution_param {
    num_output: 256
    pad: 1
    kernel_size: 3
    weight_filler {
      type: "xavier"
    }
    bias_filler {
      type: "constant"
      value: 0
    }
  }
}
layer {
  name: "relu3_2"
  type: "ReLU"
  bottom: "conv3_2"
  top: "conv3_2"
}
layer {
  name: "conv3_3"
  type: "Convolution"
  bottom: "conv3_2"
  top: "conv3_3"
  param {
    lr_mult: 1
    decay_mult: 1
  }
  param {
    lr_mult: 2
    decay_mult: 0
  }
  convolution_param {
    num_output: 256
    pad: 1
    kernel_size: 3
    weight_filler {
      type: "xavier"
    }
    bias_filler {
      type: "constant"
      value: 0
    }
  }
}
layer {
  name: "relu3_3"
  type: "ReLU"
  bottom: "conv3_3"
  top: "conv3_3"
}
layer {
  name: "pool3"
  type: "Pooling"
  bottom: "conv3_3"
  top: "pool3"
  pooling_param {
    pool: MAX
    kernel_size: 2
    stride: 2
  }
}
layer {
  name: "conv4_1"
  type: "Convolution"
  bottom: "pool3"
  top: "conv4_1"
  param {
    lr_mult: 1
    decay_mult: 1
  }
  param {
    lr_mult: 2
    decay_mult: 0
  }
  convolution_param {
    num_output: 512
    pad: 1
    kernel_size: 3
    weight_filler {
      type: "xavier"
    }
    bias_filler {
      type: "constant"
      value: 0
    }
  }
}
layer {
  name: "relu4_1"
  type: "ReLU"
  bottom: "conv4_1"
  top: "conv4_1"
}
layer {
  name: "conv4_2"
  type: "Convolution"
  bottom: "conv4_1"
  top: "conv4_2"
  param {
    lr_mult: 1
    decay_mult: 1
  }
  param {
    lr_mult: 2
    decay_mult: 0
  }
  convolution_param {
    num_output: 512
    pad: 1
    kernel_size: 3
    weight_filler {
      type: "xavier"
    }
    bias_filler {
      type: "constant"
      value: 0
    }
  }
}
layer {
  name: "relu4_2"
  type: "ReLU"
  bottom: "conv4_2"
  top: "conv4_2"
}
layer {
  name: "conv4_3"
  type: "Convolution"
  bottom: "conv4_2"
  top: "conv4_3"
  param {
    lr_mult: 1
    decay_mult: 1
  }
  param {
    lr_mult: 2
    decay_mult: 0
  }
  convolution_param {
    num_output: 512
    pad: 1
    kernel_size: 3
    weight_filler {
      type: "xavier"
    }
    bias_filler {
      type: "constant"
      value: 0
    }
  }
}
layer {
  name: "relu4_3"
  type: "ReLU"
  bottom: "conv4_3"
  top: "conv4_3"
}
layer {
  name: "pool4"
  type: "Pooling"
  bottom: "conv4_3"
  top: "pool4"
  pooling_param {
    pool: MAX
    kernel_size: 2
    stride: 2
  }
}
layer {
  name: "conv5_1"
  type: "Convolution"
  bottom: "pool4"
  top: "conv5_1"
  param {
    lr_mult: 1
    decay_mult: 1
  }
  param {
    lr_mult: 2
    decay_mult: 0
  }
  convolution_param {
    num_output: 512
    pad: 1
    kernel_size: 3
    weight_filler {
      type: "xavier"
    }
    bias_filler {
      type: "constant"
      value: 0
    }
    dilation: 1
  }
}
layer {
  name: "relu5_1"
  type: "ReLU"
  bottom: "conv5_1"
  top: "conv5_1"
}
layer {
  name: "conv5_2"
  type: "Convolution"
  bottom: "conv5_1"
  top: "conv5_2"
  param {
    lr_mult: 1
    decay_mult: 1
  }
  param {
    lr_mult: 2
    decay_mult: 0
  }
  convolution_param {
    num_output: 512
    pad: 1
    kernel_size: 3
    weight_filler {
      type: "xavier"
    }
    bias_filler {
      type: "constant"
      value: 0
    }
    dilation: 1
  }
}
layer {
  name: "relu5_2"
  type: "ReLU"
  bottom: "conv5_2"
  top: "conv5_2"
}
layer {
  name: "conv5_3"
  type: "Convolution"
  bottom: "conv5_2"
  top: "conv5_3"
  param {
    lr_mult: 1
    decay_mult: 1
  }
  param {
    lr_mult: 2
    decay_mult: 0
  }
  convolution_param {
    num_output: 512
    pad: 1
    kernel_size: 3
    weight_filler {
      type: "xavier"
    }
    bias_filler {
      type: "constant"
      value: 0
    }
    dilation: 1
  }
}
layer {
  name: "relu5_3"
  type: "ReLU"
  bottom: "conv5_3"
  top: "conv5_3"
}
layer {
  name: "pool5"
  type: "Pooling"
  bottom: "conv5_3"
  top: "pool5"
  pooling_param {
    pool: MAX
    kernel_size: 2
    stride: 2
  }
}
layer {
  name: "fc6"
  type: "Convolution"
  bottom: "pool5"
  top: "fc6"
  param {
    lr_mult: 1
    decay_mult: 1
  }
  param {
    lr_mult: 2
    decay_mult: 0
  }
  convolution_param {
    num_output: 1024
    pad: 3
    kernel_size: 3
    weight_filler {
      type: "xavier"
    }
    bias_filler {
      type: "constant"
      value: 0
    }
    dilation: 3
  }
}
layer {
  name: "relu6"
  type: "ReLU"
  bottom: "fc6"
  top: "fc6"
}
layer {
  name: "fc7"
  type: "Convolution"
  bottom: "fc6"
  top: "fc7"
  param {
    lr_mult: 1
    decay_mult: 1
  }
  param {
    lr_mult: 2
    decay_mult: 0
  }
  convolution_param {
    num_output: 1024
    kernel_size: 1
    weight_filler {
      type: "xavier"
    }
    bias_filler {
      type: "constant"
      value: 0
    }
  }
}
layer {
  name: "relu7"
  type: "ReLU"
  bottom: "fc7"
  top: "fc7"
}
layer {
  name: "conv6_1"
  type: "Convolution"
  bottom: "fc7"
  top: "conv6_1"
  param {
    lr_mult: 1
    decay_mult: 1
  }
  param {
    lr_mult: 2
    decay_mult: 0
  }
  convolution_param {
    num_output: 256
    pad: 0
    kernel_size: 1
    stride: 1
    weight_filler {
      type: "xavier"
    }
    bias_filler {
      type: "constant"
      value: 0
    }
  }
}
layer {
  name: "conv6_1_relu"
  type: "ReLU"
  bottom: "conv6_1"
  top: "conv6_1"
}
layer {
  name: "conv6_2"
  type: "Convolution"
  bottom: "conv6_1"
  top: "conv6_2"
  param {
    lr_mult: 1
    decay_mult: 1
  }
  param {
    lr_mult: 2
    decay_mult: 0
  }
  convolution_param {
    num_output: 512
    pad: 1
    kernel_size: 3
    stride: 2
    weight_filler {
      type: "xavier"
    }
    bias_filler {
      type: "constant"
      value: 0
    }
  }
}
layer {
  name: "conv6_2_relu"
  type: "ReLU"
  bottom: "conv6_2"
  top: "conv6_2"
}
layer {
  name: "TL6_1"
  type: "Convolution"
  bottom: "conv6_2"
  top: "TL6_1"
  param {
    lr_mult: 1
    decay_mult: 1
  }
  param {
    lr_mult: 2
    decay_mult: 0
  }
  convolution_param {
    num_output: 256
    pad: 1
    kernel_size: 3
    stride: 1
    weight_filler {
      type: "xavier"
    }
    bias_filler {
      type: "constant"
      value: 0
    }
  }
}
layer {
  name: "TL6_1_relu"
  type: "ReLU"
  bottom: "TL6_1"
  top: "TL6_1"
}
layer {
  name: "TL6_2"
  type: "Convolution"
  bottom: "TL6_1"
  top: "TL6_2"
  param {
    lr_mult: 1
    decay_mult: 1
  }
  param {
    lr_mult: 2
    decay_mult: 0
  }
  convolution_param {
    num_output: 256
    pad: 1
    kernel_size: 3
    stride: 1
    weight_filler {
      type: "xavier"
    }
    bias_filler {
      type: "constant"
      value: 0
    }
  }
}
layer {
  name: "TL6_2_relu"
  type: "ReLU"
  bottom: "TL6_2"
  top: "TL6_2"
}
layer {
  name: "P6"
  type: "Convolution"
  bottom: "TL6_2"
  top: "P6"
  param {
    lr_mult: 1
    decay_mult: 1
  }
  param {
    lr_mult: 2
    decay_mult: 0
  }
  convolution_param {
    num_output: 256
    pad: 1
    kernel_size: 3
    stride: 1
    weight_filler {
      type: "xavier"
    }
    bias_filler {
      type: "constant"
      value: 0
    }
  }
}
layer {
  name: "P6_relu"
  type: "ReLU"
  bottom: "P6"
  top: "P6"
}
layer {
  name: "TL5_1"
  type: "Convolution"
  bottom: "fc7"
  top: "TL5_1"
  param {
    lr_mult: 1
    decay_mult: 1
  }
  param {
    lr_mult: 2
    decay_mult: 0
  }
  convolution_param {
    num_output: 256
    pad: 1
    kernel_size: 3
    stride: 1
    weight_filler {
      type: "xavier"
    }
    bias_filler {
      type: "constant"
      value: 0
    }
  }
}
layer {
  name: "TL5_1_relu"
  type: "ReLU"
  bottom: "TL5_1"
  top: "TL5_1"
}
layer {
  name: "TL5_2"
  type: "Convolution"
  bottom: "TL5_1"
  top: "TL5_2"
  param {
    lr_mult: 1
    decay_mult: 1
  }
  param {
    lr_mult: 2
    decay_mult: 0
  }
  convolution_param {
    num_output: 256
    pad: 1
    kernel_size: 3
    stride: 1
    weight_filler {
      type: "xavier"
    }
    bias_filler {
      type: "constant"
      value: 0
    }
  }
}
layer {
  name: "P6-up"
  type: "Deconvolution"
  bottom: "P6"
  top: "P6-up"
  param {
    lr_mult: 1
    decay_mult: 1
  }
  param {
    lr_mult: 2
    decay_mult: 0
  }
  convolution_param {
    num_output: 256
    pad: 0
    kernel_size: 2
    stride: 2
    weight_filler {
      type: "xavier"
    }
    bias_filler {
      type: "constant"
      value: 0
    }
  }
}
layer {
  name: "Elt5"
  type: "Eltwise"
  bottom: "TL5_2"
  bottom: "P6-up"
  top: "Elt5"
}
layer {
  name: "Elt5_relu"
  type: "ReLU"
  bottom: "Elt5"
  top: "Elt5"
}
layer {
  name: "P5"
  type: "Convolution"
  bottom: "Elt5"
  top: "P5"
  param {
    lr_mult: 1
    decay_mult: 1
  }
  param {
    lr_mult: 2
    decay_mult: 0
  }
  convolution_param {
    num_output: 256
    pad: 1
    kernel_size: 3
    stride: 1
    weight_filler {
      type: "xavier"
    }
    bias_filler {
      type: "constant"
      value: 0
    }
  }
}
layer {
  name: "P5_relu"
  type: "ReLU"
  bottom: "P5"
  top: "P5"
}
layer {
  name: "conv5_3_norm"
  type: "Normalize"
  bottom: "conv5_3"
  top: "conv5_3_norm"
  norm_param {
    across_spatial: false
    scale_filler {
      type: "constant"
      value: 8
    }
    channel_shared: false
  }
}
layer {
  name: "TL4_1"
  type: "Convolution"
  bottom: "conv5_3_norm"
  top: "TL4_1"
  param {
    lr_mult: 1
    decay_mult: 1
  }
  param {
    lr_mult: 2
    decay_mult: 0
  }
  convolution_param {
    num_output: 256
    pad: 1
    kernel_size: 3
    stride: 1
    weight_filler {
      type: "xavier"
    }
    bias_filler {
      type: "constant"
      value: 0
    }
  }
}
layer {
  name: "TL4_1_relu"
  type: "ReLU"
  bottom: "TL4_1"
  top: "TL4_1"
}
layer {
  name: "TL4_2"
  type: "Convolution"
  bottom: "TL4_1"
  top: "TL4_2"
  param {
    lr_mult: 1
    decay_mult: 1
  }
  param {
    lr_mult: 2
    decay_mult: 0
  }
  convolution_param {
    num_output: 256
    pad: 1
    kernel_size: 3
    stride: 1
    weight_filler {
      type: "xavier"
    }
    bias_filler {
      type: "constant"
      value: 0
    }
  }
}
layer {
  name: "P5-up"
  type: "Deconvolution"
  bottom: "P5"
  top: "P5-up"
  param {
    lr_mult: 1
    decay_mult: 1
  }
  param {
    lr_mult: 2
    decay_mult: 0
  }
  convolution_param {
    num_output: 256
    pad: 0
    kernel_size: 2
    stride: 2
    weight_filler {
      type: "xavier"
    }
    bias_filler {
      type: "constant"
      value: 0
    }
  }
}
layer {
  name: "Elt4"
  type: "Eltwise"
  bottom: "TL4_2"
  bottom: "P5-up"
  top: "Elt4"
}
layer {
  name: "Elt4_relu"
  type: "ReLU"
  bottom: "Elt4"
  top: "Elt4"
}
layer {
  name: "P4"
  type: "Convolution"
  bottom: "Elt4"
  top: "P4"
  param {
    lr_mult: 1
    decay_mult: 1
  }
  param {
    lr_mult: 2
    decay_mult: 0
  }
  convolution_param {
    num_output: 256
    pad: 1
    kernel_size: 3
    stride: 1
    weight_filler {
      type: "xavier"
    }
    bias_filler {
      type: "constant"
      value: 0
    }
  }
}
layer {
  name: "P4_relu"
  type: "ReLU"
  bottom: "P4"
  top: "P4"
}
layer {
  name: "conv4_3_norm"
  type: "Normalize"
  bottom: "conv4_3"
  top: "conv4_3_norm"
  norm_param {
    across_spatial: false
    scale_filler {
      type: "constant"
      value: 10
    }
    channel_shared: false
  }
}
layer {
  name: "TL3_1"
  type: "Convolution"
  bottom: "conv4_3_norm"
  top: "TL3_1"
  param {
    lr_mult: 1
    decay_mult: 1
  }
  param {
    lr_mult: 2
    decay_mult: 0
  }
  convolution_param {
    num_output: 256
    pad: 1
    kernel_size: 3
    stride: 1
    weight_filler {
      type: "xavier"
    }
    bias_filler {
      type: "constant"
      value: 0
    }
  }
}
layer {
  name: "TL3_1_relu"
  type: "ReLU"
  bottom: "TL3_1"
  top: "TL3_1"
}
layer {
  name: "TL3_2"
  type: "Convolution"
  bottom: "TL3_1"
  top: "TL3_2"
  param {
    lr_mult: 1
    decay_mult: 1
  }
  param {
    lr_mult: 2
    decay_mult: 0
  }
  convolution_param {
    num_output: 256
    pad: 1
    kernel_size: 3
    stride: 1
    weight_filler {
      type: "xavier"
    }
    bias_filler {
      type: "constant"
      value: 0
    }
  }
}
layer {
  name: "P4-up"
  type: "Deconvolution"
  bottom: "P4"
  top: "P4-up"
  param {
    lr_mult: 1
    decay_mult: 1
  }
  param {
    lr_mult: 2
    decay_mult: 0
  }
  convolution_param {
    num_output: 256
    pad: 0
    kernel_size: 2
    stride: 2
    weight_filler {
      type: "xavier"
    }
    bias_filler {
      type: "constant"
      value: 0
    }
  }
}
layer {
  name: "Elt3"
  type: "Eltwise"
  bottom: "TL3_2"
  bottom: "P4-up"
  top: "Elt3"
}
layer {
  name: "Elt3_relu"
  type: "ReLU"
  bottom: "Elt3"
  top: "Elt3"
}
layer {
  name: "P3"
  type: "Convolution"
  bottom: "Elt3"
  top: "P3"
  param {
    lr_mult: 1
    decay_mult: 1
  }
  param {
    lr_mult: 2
    decay_mult: 0
  }
  convolution_param {
    num_output: 256
    pad: 1
    kernel_size: 3
    stride: 1
    weight_filler {
      type: "xavier"
    }
    bias_filler {
      type: "constant"
      value: 0
    }
  }
}
layer {
  name: "P3_relu"
  type: "ReLU"
  bottom: "P3"
  top: "P3"
}
layer {
  name: "conv4_3_norm_mbox_loc"
  type: "Convolution"
  bottom: "conv4_3_norm"
  top: "conv4_3_norm_mbox_loc"
  param {
    lr_mult: 1
    decay_mult: 1
  }
  param {
    lr_mult: 2
    decay_mult: 0
  }
  convolution_param {
    num_output: 12
    pad: 1
    kernel_size: 3
    stride: 1
    weight_filler {
      type: "xavier"
    }
    bias_filler {
      type: "constant"
      value: 0
    }
  }
}
layer {
  name: "conv4_3_norm_mbox_loc_perm"
  type: "Permute"
  bottom: "conv4_3_norm_mbox_loc"
  top: "conv4_3_norm_mbox_loc_perm"
  permute_param {
    order: 0
    order: 2
    order: 3
    order: 1
  }
}
layer {
  name: "conv4_3_norm_mbox_loc_flat"
  type: "Flatten"
  bottom: "conv4_3_norm_mbox_loc_perm"
  top: "conv4_3_norm_mbox_loc_flat"
  flatten_param {
    axis: 1
  }
}
layer {
  name: "conv4_3_norm_mbox_conf"
  type: "Convolution"
  bottom: "conv4_3_norm"
  top: "conv4_3_norm_mbox_conf"
  param {
    lr_mult: 1
    decay_mult: 1
  }
  param {
    lr_mult: 2
    decay_mult: 0
  }
  convolution_param {
    num_output: 6
    pad: 1
    kernel_size: 3
    stride: 1
    weight_filler {
      type: "xavier"
    }
    bias_filler {
      type: "constant"
      value: 0
    }
  }
}
layer {
  name: "conv4_3_norm_mbox_conf_perm"
  type: "Permute"
  bottom: "conv4_3_norm_mbox_conf"
  top: "conv4_3_norm_mbox_conf_perm"
  permute_param {
    order: 0
    order: 2
    order: 3
    order: 1
  }
}
layer {
  name: "conv4_3_norm_mbox_conf_flat"
  type: "Flatten"
  bottom: "conv4_3_norm_mbox_conf_perm"
  top: "conv4_3_norm_mbox_conf_flat"
  flatten_param {
    axis: 1
  }
}
layer {
  name: "conv4_3_norm_mbox_priorbox"
  type: "PriorBox"
  bottom: "conv4_3_norm"
  bottom: "data"
  top: "conv4_3_norm_mbox_priorbox"
  prior_box_param {
    min_size: 32
    aspect_ratio: 2
    flip: true
    clip: false
    variance: 0.1
    variance: 0.1
    variance: 0.2
    variance: 0.2
    step: 8
    offset: 0.5
  }
}
layer {
  name: "conv5_3_norm_mbox_loc"
  type: "Convolution"
  bottom: "conv5_3_norm"
  top: "conv5_3_norm_mbox_loc"
  param {
    lr_mult: 1
    decay_mult: 1
  }
  param {
    lr_mult: 2
    decay_mult: 0
  }
  convolution_param {
    num_output: 12
    pad: 1
    kernel_size: 3
    stride: 1
    weight_filler {
      type: "xavier"
    }
    bias_filler {
      type: "constant"
      value: 0
    }
  }
}
layer {
  name: "conv5_3_norm_mbox_loc_perm"
  type: "Permute"
  bottom: "conv5_3_norm_mbox_loc"
  top: "conv5_3_norm_mbox_loc_perm"
  permute_param {
    order: 0
    order: 2
    order: 3
    order: 1
  }
}
layer {
  name: "conv5_3_norm_mbox_loc_flat"
  type: "Flatten"
  bottom: "conv5_3_norm_mbox_loc_perm"
  top: "conv5_3_norm_mbox_loc_flat"
  flatten_param {
    axis: 1
  }
}
layer {
  name: "conv5_3_norm_mbox_conf"
  type: "Convolution"
  bottom: "conv5_3_norm"
  top: "conv5_3_norm_mbox_conf"
  param {
    lr_mult: 1
    decay_mult: 1
  }
  param {
    lr_mult: 2
    decay_mult: 0
  }
  convolution_param {
    num_output: 6
    pad: 1
    kernel_size: 3
    stride: 1
    weight_filler {
      type: "xavier"
    }
    bias_filler {
      type: "constant"
      value: 0
    }
  }
}
layer {
  name: "conv5_3_norm_mbox_conf_perm"
  type: "Permute"
  bottom: "conv5_3_norm_mbox_conf"
  top: "conv5_3_norm_mbox_conf_perm"
  permute_param {
    order: 0
    order: 2
    order: 3
    order: 1
  }
}
layer {
  name: "conv5_3_norm_mbox_conf_flat"
  type: "Flatten"
  bottom: "conv5_3_norm_mbox_conf_perm"
  top: "conv5_3_norm_mbox_conf_flat"
  flatten_param {
    axis: 1
  }
}
layer {
  name: "conv5_3_norm_mbox_priorbox"
  type: "PriorBox"
  bottom: "conv5_3_norm"
  bottom: "data"
  top: "conv5_3_norm_mbox_priorbox"
  prior_box_param {
    min_size: 64
    aspect_ratio: 2
    flip: true
    clip: false
    variance: 0.1
    variance: 0.1
    variance: 0.2
    variance: 0.2
    step: 16
    offset: 0.5
  }
}
layer {
  name: "fc7_mbox_loc"
  type: "Convolution"
  bottom: "fc7"
  top: "fc7_mbox_loc"
  param {
    lr_mult: 1
    decay_mult: 1
  }
  param {
    lr_mult: 2
    decay_mult: 0
  }
  convolution_param {
    num_output: 12
    pad: 1
    kernel_size: 3
    stride: 1
    weight_filler {
      type: "xavier"
    }
    bias_filler {
      type: "constant"
      value: 0
    }
  }
}
layer {
  name: "fc7_mbox_loc_perm"
  type: "Permute"
  bottom: "fc7_mbox_loc"
  top: "fc7_mbox_loc_perm"
  permute_param {
    order: 0
    order: 2
    order: 3
    order: 1
  }
}
layer {
  name: "fc7_mbox_loc_flat"
  type: "Flatten"
  bottom: "fc7_mbox_loc_perm"
  top: "fc7_mbox_loc_flat"
  flatten_param {
    axis: 1
  }
}
layer {
  name: "fc7_mbox_conf"
  type: "Convolution"
  bottom: "fc7"
  top: "fc7_mbox_conf"
  param {
    lr_mult: 1
    decay_mult: 1
  }
  param {
    lr_mult: 2
    decay_mult: 0
  }
  convolution_param {
    num_output: 6
    pad: 1
    kernel_size: 3
    stride: 1
    weight_filler {
      type: "xavier"
    }
    bias_filler {
      type: "constant"
      value: 0
    }
  }
}
layer {
  name: "fc7_mbox_conf_perm"
  type: "Permute"
  bottom: "fc7_mbox_conf"
  top: "fc7_mbox_conf_perm"
  permute_param {
    order: 0
    order: 2
    order: 3
    order: 1
  }
}
layer {
  name: "fc7_mbox_conf_flat"
  type: "Flatten"
  bottom: "fc7_mbox_conf_perm"
  top: "fc7_mbox_conf_flat"
  flatten_param {
    axis: 1
  }
}
layer {
  name: "fc7_mbox_priorbox"
  type: "PriorBox"
  bottom: "fc7"
  bottom: "data"
  top: "fc7_mbox_priorbox"
  prior_box_param {
    min_size: 128
    aspect_ratio: 2
    flip: true
    clip: false
    variance: 0.1
    variance: 0.1
    variance: 0.2
    variance: 0.2
    step: 32
    offset: 0.5
  }
}
layer {
  name: "conv6_2_mbox_loc"
  type: "Convolution"
  bottom: "conv6_2"
  top: "conv6_2_mbox_loc"
  param {
    lr_mult: 1
    decay_mult: 1
  }
  param {
    lr_mult: 2
    decay_mult: 0
  }
  convolution_param {
    num_output: 12
    pad: 1
    kernel_size: 3
    stride: 1
    weight_filler {
      type: "xavier"
    }
    bias_filler {
      type: "constant"
      value: 0
    }
  }
}
layer {
  name: "conv6_2_mbox_loc_perm"
  type: "Permute"
  bottom: "conv6_2_mbox_loc"
  top: "conv6_2_mbox_loc_perm"
  permute_param {
    order: 0
    order: 2
    order: 3
    order: 1
  }
}
layer {
  name: "conv6_2_mbox_loc_flat"
  type: "Flatten"
  bottom: "conv6_2_mbox_loc_perm"
  top: "conv6_2_mbox_loc_flat"
  flatten_param {
    axis: 1
  }
}
layer {
  name: "conv6_2_mbox_conf"
  type: "Convolution"
  bottom: "conv6_2"
  top: "conv6_2_mbox_conf"
  param {
    lr_mult: 1
    decay_mult: 1
  }
  param {
    lr_mult: 2
    decay_mult: 0
  }
  convolution_param {
    num_output: 6
    pad: 1
    kernel_size: 3
    stride: 1
    weight_filler {
      type: "xavier"
    }
    bias_filler {
      type: "constant"
      value: 0
    }
  }
}
layer {
  name: "conv6_2_mbox_conf_perm"
  type: "Permute"
  bottom: "conv6_2_mbox_conf"
  top: "conv6_2_mbox_conf_perm"
  permute_param {
    order: 0
    order: 2
    order: 3
    order: 1
  }
}
layer {
  name: "conv6_2_mbox_conf_flat"
  type: "Flatten"
  bottom: "conv6_2_mbox_conf_perm"
  top: "conv6_2_mbox_conf_flat"
  flatten_param {
    axis: 1
  }
}
layer {
  name: "conv6_2_mbox_priorbox"
  type: "PriorBox"
  bottom: "conv6_2"
  bottom: "data"
  top: "conv6_2_mbox_priorbox"
  prior_box_param {
    min_size: 256
    aspect_ratio: 2
    flip: true
    clip: false
    variance: 0.1
    variance: 0.1
    variance: 0.2
    variance: 0.2
    step: 64
    offset: 0.5
  }
}
layer {
  name: "arm_loc"
  type: "Concat"
  bottom: "conv4_3_norm_mbox_loc_flat"
  bottom: "conv5_3_norm_mbox_loc_flat"
  bottom: "fc7_mbox_loc_flat"
  bottom: "conv6_2_mbox_loc_flat"
  top: "arm_loc"
  concat_param {
    axis: 1
  }
}
layer {
  name: "arm_conf"
  type: "Concat"
  bottom: "conv4_3_norm_mbox_conf_flat"
  bottom: "conv5_3_norm_mbox_conf_flat"
  bottom: "fc7_mbox_conf_flat"
  bottom: "conv6_2_mbox_conf_flat"
  top: "arm_conf"
  concat_param {
    axis: 1
  }
}
layer {
  name: "arm_priorbox"
  type: "Concat"
  bottom: "conv4_3_norm_mbox_priorbox"
  bottom: "conv5_3_norm_mbox_priorbox"
  bottom: "fc7_mbox_priorbox"
  bottom: "conv6_2_mbox_priorbox"
  top: "arm_priorbox"
  concat_param {
    axis: 2
  }
}
layer {
  name: "P3_mbox_loc"
  type: "Convolution"
  bottom: "P3"
  top: "P3_mbox_loc"
  param {
    lr_mult: 1
    decay_mult: 1
  }
  param {
    lr_mult: 2
    decay_mult: 0
  }
  convolution_param {
    num_output: 12
    pad: 1
    kernel_size: 3
    stride: 1
    weight_filler {
      type: "xavier"
    }
    bias_filler {
      type: "constant"
      value: 0
    }
  }
}
layer {
  name: "P3_mbox_loc_perm"
  type: "Permute"
  bottom: "P3_mbox_loc"
  top: "P3_mbox_loc_perm"
  permute_param {
    order: 0
    order: 2
    order: 3
    order: 1
  }
}
layer {
  name: "P3_mbox_loc_flat"
  type: "Flatten"
  bottom: "P3_mbox_loc_perm"
  top: "P3_mbox_loc_flat"
  flatten_param {
    axis: 1
  }
}
layer {
  name: "P3_mbox_conf"
  type: "Convolution"
  bottom: "P3"
  top: "P3_mbox_conf"
  param {
    lr_mult: 1
    decay_mult: 1
  }
  param {
    lr_mult: 2
    decay_mult: 0
  }
  convolution_param {
    num_output: 63
    pad: 1
    kernel_size: 3
    stride: 1
    weight_filler {
      type: "xavier"
    }
    bias_filler {
      type: "constant"
      value: 0
    }
  }
}
layer {
  name: "P3_mbox_conf_perm"
  type: "Permute"
  bottom: "P3_mbox_conf"
  top: "P3_mbox_conf_perm"
  permute_param {
    order: 0
    order: 2
    order: 3
    order: 1
  }
}
layer {
  name: "P3_mbox_conf_flat"
  type: "Flatten"
  bottom: "P3_mbox_conf_perm"
  top: "P3_mbox_conf_flat"
  flatten_param {
    axis: 1
  }
}
layer {
  name: "P4_mbox_loc"
  type: "Convolution"
  bottom: "P4"
  top: "P4_mbox_loc"
  param {
    lr_mult: 1
    decay_mult: 1
  }
  param {
    lr_mult: 2
    decay_mult: 0
  }
  convolution_param {
    num_output: 12
    pad: 1
    kernel_size: 3
    stride: 1
    weight_filler {
      type: "xavier"
    }
    bias_filler {
      type: "constant"
      value: 0
    }
  }
}
layer {
  name: "P4_mbox_loc_perm"
  type: "Permute"
  bottom: "P4_mbox_loc"
  top: "P4_mbox_loc_perm"
  permute_param {
    order: 0
    order: 2
    order: 3
    order: 1
  }
}
layer {
  name: "P4_mbox_loc_flat"
  type: "Flatten"
  bottom: "P4_mbox_loc_perm"
  top: "P4_mbox_loc_flat"
  flatten_param {
    axis: 1
  }
}
layer {
  name: "P4_mbox_conf"
  type: "Convolution"
  bottom: "P4"
  top: "P4_mbox_conf"
  param {
    lr_mult: 1
    decay_mult: 1
  }
  param {
    lr_mult: 2
    decay_mult: 0
  }
  convolution_param {
    num_output: 63
    pad: 1
    kernel_size: 3
    stride: 1
    weight_filler {
      type: "xavier"
    }
    bias_filler {
      type: "constant"
      value: 0
    }
  }
}
layer {
  name: "P4_mbox_conf_perm"
  type: "Permute"
  bottom: "P4_mbox_conf"
  top: "P4_mbox_conf_perm"
  permute_param {
    order: 0
    order: 2
    order: 3
    order: 1
  }
}
layer {
  name: "P4_mbox_conf_flat"
  type: "Flatten"
  bottom: "P4_mbox_conf_perm"
  top: "P4_mbox_conf_flat"
  flatten_param {
    axis: 1
  }
}
layer {
  name: "P5_mbox_loc"
  type: "Convolution"
  bottom: "P5"
  top: "P5_mbox_loc"
  param {
    lr_mult: 1
    decay_mult: 1
  }
  param {
    lr_mult: 2
    decay_mult: 0
  }
  convolution_param {
    num_output: 12
    pad: 1
    kernel_size: 3
    stride: 1
    weight_filler {
      type: "xavier"
    }
    bias_filler {
      type: "constant"
      value: 0
    }
  }
}
layer {
  name: "P5_mbox_loc_perm"
  type: "Permute"
  bottom: "P5_mbox_loc"
  top: "P5_mbox_loc_perm"
  permute_param {
    order: 0
    order: 2
    order: 3
    or
I0309 12:44:00.166306 17017 layer_factory.hpp:77] Creating layer data
I0309 12:44:00.166576 17017 net.cpp:100] Creating Layer data
I0309 12:44:00.166589 17017 net.cpp:408] data -> data
I0309 12:44:00.166625 17017 net.cpp:408] data -> label
E0309 12:44:00.182034 17026 common.cpp:113] Cannot create Cublas handle. Cublas won't be available.
I0309 12:44:00.182579 17026 db_lmdb.cpp:35] Opened lmdb examples/VOC0712/VOC0712_trainval_lmdb
I0309 12:44:00.192982 17017 annotated_data_layer.cpp:62] output data size: 8,3,320,320
I0309 12:44:00.205070 17017 net.cpp:150] Setting up data
I0309 12:44:00.205090 17017 net.cpp:157] Top shape: 8 3 320 320 (2457600)
I0309 12:44:00.205094 17017 net.cpp:157] Top shape: 1 1 5 8 (40)
I0309 12:44:00.205096 17017 net.cpp:165] Memory required for data: 9830560
I0309 12:44:00.205107 17017 layer_factory.hpp:77] Creating layer data_data_0_split
I0309 12:44:00.205116 17017 net.cpp:100] Creating Layer data_data_0_split
I0309 12:44:00.205121 17017 net.cpp:434] data_data_0_split <- data
I0309 12:44:00.205150 17017 net.cpp:408] data_data_0_split -> data_data_0_split_0
I0309 12:44:00.205158 17017 net.cpp:408] data_data_0_split -> data_data_0_split_1
I0309 12:44:00.205164 17017 net.cpp:408] data_data_0_split -> data_data_0_split_2
I0309 12:44:00.205169 17017 net.cpp:408] data_data_0_split -> data_data_0_split_3
I0309 12:44:00.205174 17017 net.cpp:408] data_data_0_split -> data_data_0_split_4
I0309 12:44:00.206454 17017 net.cpp:150] Setting up data_data_0_split
I0309 12:44:00.206465 17017 net.cpp:157] Top shape: 8 3 320 320 (2457600)
I0309 12:44:00.206467 17017 net.cpp:157] Top shape: 8 3 320 320 (2457600)
I0309 12:44:00.206470 17017 net.cpp:157] Top shape: 8 3 320 320 (2457600)
I0309 12:44:00.206481 17017 net.cpp:157] Top shape: 8 3 320 320 (2457600)
I0309 12:44:00.206485 17017 net.cpp:157] Top shape: 8 3 320 320 (2457600)
I0309 12:44:00.206486 17017 net.cpp:165] Memory required for data: 58982560
I0309 12:44:00.206490 17017 layer_factory.hpp:77] Creating layer label_data_1_split
I0309 12:44:00.206493 17017 net.cpp:100] Creating Layer label_data_1_split
I0309 12:44:00.206496 17017 net.cpp:434] label_data_1_split <- label
I0309 12:44:00.206516 17017 net.cpp:408] label_data_1_split -> label_data_1_split_0
I0309 12:44:00.206521 17017 net.cpp:408] label_data_1_split -> label_data_1_split_1
I0309 12:44:00.210227 17017 net.cpp:150] Setting up label_data_1_split
I0309 12:44:00.210237 17017 net.cpp:157] Top shape: 1 1 5 8 (40)
I0309 12:44:00.210240 17017 net.cpp:157] Top shape: 1 1 5 8 (40)
I0309 12:44:00.210242 17017 net.cpp:165] Memory required for data: 58982880
I0309 12:44:00.210244 17017 layer_factory.hpp:77] Creating layer conv1_1
I0309 12:44:00.210258 17017 net.cpp:100] Creating Layer conv1_1
I0309 12:44:00.210261 17017 net.cpp:434] conv1_1 <- data_data_0_split_0
I0309 12:44:00.210268 17017 net.cpp:408] conv1_1 -> conv1_1
E0309 12:44:00.218262 17027 common.cpp:113] Cannot create Cublas handle. Cublas won't be available.
I0309 12:44:00.275483 17027 blocking_queue.cpp:50] Waiting for data
F0309 12:44:00.297897 17017 cudnn_conv_layer.cpp:53] Check failed: status == CUDNN_STATUS_SUCCESS (4 vs. 0)  CUDNN_STATUS_INTERNAL_ERROR
*** Check failure stack trace: ***
    @     0x7fb5a28de5cd  google::LogMessage::Fail()
    @     0x7fb5a28e0433  google::LogMessage::SendToLog()
    @     0x7fb5a28de15b  google::LogMessage::Flush()
    @     0x7fb5a28e0e1e  google::LogMessageFatal::~LogMessageFatal()
    @     0x7fb5a9a92c53  caffe::CuDNNConvolutionLayer<>::LayerSetUp()
    @     0x7fb5a9befd4e  caffe::Net<>::Init()
    @     0x7fb5a9bf15c1  caffe::Net<>::Net()
    @     0x7fb5a99a5482  caffe::Solver<>::InitTrainNet()
    @     0x7fb5a99a6788  caffe::Solver<>::Init()
    @     0x7fb5a99a6aea  caffe::Solver<>::Solver()
    @     0x7fb5a998b233  caffe::Creator_SGDSolver<>()
    @           0x40ae99  train()
    @           0x407910  main
    @     0x7fb599978840  __libc_start_main
    @           0x408109  _start
    @              (nil)  (unknown)
